enter P 0
-->found {
enter S 0
enter A 0
-->found let
-->found ID: x
-->found :=
enter E 0
enter B 0
enter R 0
enter T 0
enter F 0
enter U 0
-->found FLOATLIT: 0
exit U 0
exit F 0
exit T 0
exit R 0
exit B 0
exit E 0
-->found ;
exit A 0
exit S 0
 enter S 1
 enter A 1
-->found let
-->found ID: y
-->found :=
 enter E 1
 enter B 1
 enter R 1
 enter T 1
 enter F 1
 enter U 1
-->found FLOATLIT: 1
 exit U 1
 exit F 1
 exit T 1
 exit R 1
 exit B 1
 exit E 1
-->found ;
 exit A 1
 exit S 1
  enter S 2
  enter A 2
-->found let
-->found ID: z
-->found :=
  enter E 2
  enter B 2
  enter R 2
  enter T 2
  enter F 2
  enter U 2
-->found (
   enter E 3
   enter B 3
   enter R 3
   enter T 3
   enter F 3
   enter U 3
-->found ID: x
   exit U 3
   exit F 3
   exit T 3
-->found +
    enter T 4
    enter F 4
    enter U 4
-->found ID: y
    exit U 4
    exit F 4
    exit T 4
   exit R 3
   exit B 3
   exit E 3

***ERROR (line 4): E does not end with )
